[2025-12-25 22:05:44] [INFO] [main.go:61] 启动领域雷达...
[2025-12-25 22:05:44] [INFO] [main.go:75] 已成功连接到数据库
[2025-12-25 22:05:44] [INFO] [main.go:95] 限流器已配置: Limit=1.67 req/s, Burst=10
[2025-12-25 22:05:44] [INFO] [main.go:120] 正在处理领域: 后端架构
[2025-12-25 22:05:44] [INFO] [main.go:120] 正在处理领域: 人工智能; 大模型
[2025-12-25 22:05:44] [INFO] [main.go:120] 正在处理领域: 财经;黄金;贵金属;投资
[2025-12-25 22:05:50] [INFO] [main.go:190] 领域报告已保存到数据库 [人工智能; 大模型]
[2025-12-25 22:05:50] [INFO] [main.go:198] 领域 [人工智能; 大模型] 处理完成 (Score: 8)
[2025-12-25 22:05:50] [INFO] [main.go:190] 领域报告已保存到数据库 [财经;黄金;贵金属;投资]
[2025-12-25 22:05:50] [INFO] [main.go:198] 领域 [财经;黄金;贵金属;投资] 处理完成 (Score: 9)
[2025-12-25 22:05:50] [INFO] [main.go:190] 领域报告已保存到数据库 [后端架构]
[2025-12-25 22:05:50] [INFO] [main.go:198] 领域 [后端架构] 处理完成 (Score: 8)
[2025-12-25 22:05:50] [INFO] [main.go:212] 正在生成全局深度解读报告...
[2025-12-25 22:06:19] [INFO] [main.go:61] 启动领域雷达...
[2025-12-25 22:06:19] [INFO] [main.go:75] 已成功连接到数据库
[2025-12-25 22:06:19] [INFO] [main.go:95] 限流器已配置: Limit=1.67 req/s, Burst=10
[2025-12-25 22:06:19] [INFO] [main.go:120] 正在处理领域: 后端架构
[2025-12-25 22:06:19] [INFO] [main.go:120] 正在处理领域: 人工智能; 大模型
[2025-12-25 22:06:19] [INFO] [main.go:120] 正在处理领域: 财经;黄金;贵金属;投资
[2025-12-25 22:06:25] [INFO] [main.go:190] 领域报告已保存到数据库 [财经;黄金;贵金属;投资]
[2025-12-25 22:06:25] [INFO] [main.go:198] 领域 [财经;黄金;贵金属;投资] 处理完成 (Score: 9)
[2025-12-25 22:06:26] [INFO] [main.go:190] 领域报告已保存到数据库 [人工智能; 大模型]
[2025-12-25 22:06:26] [INFO] [main.go:198] 领域 [人工智能; 大模型] 处理完成 (Score: 8)
[2025-12-25 22:06:32] [INFO] [main.go:190] 领域报告已保存到数据库 [后端架构]
[2025-12-25 22:06:32] [INFO] [main.go:198] 领域 [后端架构] 处理完成 (Score: 8)
[2025-12-25 22:06:32] [INFO] [main.go:212] 正在生成全局深度解读报告...
[2025-12-25 22:06:49] [INFO] [main.go:228] 全局深度解读报告生成完成
[2025-12-25 22:06:49] [INFO] [main.go:235] 深度解读报告已保存到数据库
[2025-12-25 22:06:49] [INFO] [main.go:625] 报告已保存至: output/index.html
[2025-12-25 22:06:49] [INFO] [main.go:253] ✅ 领域雷达早报生成完毕
